<?xml version="1.0" encoding="UTF-8"?>
<!-- Generated by org.testng.reporters.JUnitReportReporter -->
<testsuite hostname="DESKTOP-MLHN7AO" failures="0" tests="1" name="com.TestCase.TestCase1" time="0.033" errors="0" timestamp="2023-03-19T13:22:53 IST" skipped="0">
  <testcase classname="com.TestCase.TestCase1" name="launchBrowser" time="0.033"/>
  <system-out/>
</testsuite> <!-- com.TestCase.TestCase1 -->
